This is pdfTeX, Version 3.14159265-2.6-1.40.20 (TeX Live 2019/Debian) (preloaded format=pdflatex 2022.5.9)  13 JUL 2022 13:04
entering extended mode
 restricted \write18 enabled.
 %&-line parsing enabled.
**main.tex
(./main.tex
LaTeX2e <2020-02-02> patch level 2
L3 programming layer <2020-02-14>
(/usr/share/texlive/texmf-dist/tex/latex/base/article.cls
Document Class: article 2019/12/20 v1.4l Standard LaTeX document class
(/usr/share/texlive/texmf-dist/tex/latex/base/size10.clo
File: size10.clo 2019/12/20 v1.4l Standard LaTeX file (size option)
)
\c@part=\count167
\c@section=\count168
\c@subsection=\count169
\c@subsubsection=\count170
\c@paragraph=\count171
\c@subparagraph=\count172
\c@figure=\count173
\c@table=\count174
\abovecaptionskip=\skip47
\belowcaptionskip=\skip48
\bibindent=\dimen134
)
(/usr/share/texlive/texmf-dist/tex/latex/geometry/geometry.sty
Package: geometry 2020/01/02 v5.9 Page Geometry

(/usr/share/texlive/texmf-dist/tex/latex/graphics/keyval.sty
Package: keyval 2014/10/28 v1.15 key=value parser (DPC)
\KV@toks@=\toks14
)
(/usr/share/texlive/texmf-dist/tex/generic/iftex/ifvtex.sty
Package: ifvtex 2019/10/25 v1.7 ifvtex legacy package. Use iftex instead.

(/usr/share/texlive/texmf-dist/tex/generic/iftex/iftex.sty
Package: iftex 2019/11/07 v1.0c TeX engine tests
))
\Gm@cnth=\count175
\Gm@cntv=\count176
\c@Gm@tempcnt=\count177
\Gm@bindingoffset=\dimen135
\Gm@wd@mp=\dimen136
\Gm@odd@mp=\dimen137
\Gm@even@mp=\dimen138
\Gm@layoutwidth=\dimen139
\Gm@layoutheight=\dimen140
\Gm@layouthoffset=\dimen141
\Gm@layoutvoffset=\dimen142
\Gm@dimlist=\toks15
)
(/usr/share/texlive/texmf-dist/tex/latex/amsmath/amsmath.sty
Package: amsmath 2020/01/20 v2.17e AMS math features
\@mathmargin=\skip49

For additional information on amsmath, use the `?' option.
(/usr/share/texlive/texmf-dist/tex/latex/amsmath/amstext.sty
Package: amstext 2000/06/29 v2.01 AMS text

(/usr/share/texlive/texmf-dist/tex/latex/amsmath/amsgen.sty
File: amsgen.sty 1999/11/30 v2.0 generic functions
\@emptytoks=\toks16
\ex@=\dimen143
))
(/usr/share/texlive/texmf-dist/tex/latex/amsmath/amsbsy.sty
Package: amsbsy 1999/11/29 v1.2d Bold Symbols
\pmbraise@=\dimen144
)
(/usr/share/texlive/texmf-dist/tex/latex/amsmath/amsopn.sty
Package: amsopn 2016/03/08 v2.02 operator names
)
\inf@bad=\count178
LaTeX Info: Redefining \frac on input line 227.
\uproot@=\count179
\leftroot@=\count180
LaTeX Info: Redefining \overline on input line 389.
\classnum@=\count181
\DOTSCASE@=\count182
LaTeX Info: Redefining \ldots on input line 486.
LaTeX Info: Redefining \dots on input line 489.
LaTeX Info: Redefining \cdots on input line 610.
\Mathstrutbox@=\box45
\strutbox@=\box46
\big@size=\dimen145
LaTeX Font Info:    Redeclaring font encoding OML on input line 733.
LaTeX Font Info:    Redeclaring font encoding OMS on input line 734.
\macc@depth=\count183
\c@MaxMatrixCols=\count184
\dotsspace@=\muskip16
\c@parentequation=\count185
\dspbrk@lvl=\count186
\tag@help=\toks17
\row@=\count187
\column@=\count188
\maxfields@=\count189
\andhelp@=\toks18
\eqnshift@=\dimen146
\alignsep@=\dimen147
\tagshift@=\dimen148
\tagwidth@=\dimen149
\totwidth@=\dimen150
\lineht@=\dimen151
\@envbody=\toks19
\multlinegap=\skip50
\multlinetaggap=\skip51
\mathdisplay@stack=\toks20
LaTeX Info: Redefining \[ on input line 2859.
LaTeX Info: Redefining \] on input line 2860.
)
(/usr/share/texlive/texmf-dist/tex/latex/amscls/amsthm.sty
Package: amsthm 2017/10/31 v2.20.4
\thm@style=\toks21
\thm@bodyfont=\toks22
\thm@headfont=\toks23
\thm@notefont=\toks24
\thm@headpunct=\toks25
\thm@preskip=\skip52
\thm@postskip=\skip53
\thm@headsep=\skip54
\dth@everypar=\toks26
)
(/usr/share/texlive/texmf-dist/tex/latex/amsfonts/amsfonts.sty
Package: amsfonts 2013/01/14 v3.01 Basic AMSFonts support
\symAMSa=\mathgroup4
\symAMSb=\mathgroup5
LaTeX Font Info:    Redeclaring math symbol \hbar on input line 98.
LaTeX Font Info:    Overwriting math alphabet `\mathfrak' in version `bold'
(Font)                  U/euf/m/n --> U/euf/b/n on input line 106.
)
(/usr/share/texlive/texmf-dist/tex/latex/amsfonts/amssymb.sty
Package: amssymb 2013/01/14 v3.01 AMS font symbols
)
(/usr/share/texlive/texmf-dist/tex/latex/hyperref/hyperref.sty
Package: hyperref 2020/01/14 v7.00d Hypertext links for LaTeX

(/usr/share/texlive/texmf-dist/tex/generic/ltxcmds/ltxcmds.sty
Package: ltxcmds 2019/12/15 v1.24 LaTeX kernel commands for general use (HO)
)
(/usr/share/texlive/texmf-dist/tex/latex/pdftexcmds/pdftexcmds.sty
Package: pdftexcmds 2019/11/24 v0.31 Utility functions of pdfTeX for LuaTeX (HO
)

(/usr/share/texlive/texmf-dist/tex/generic/infwarerr/infwarerr.sty
Package: infwarerr 2019/12/03 v1.5 Providing info/warning/error messages (HO)
)
Package pdftexcmds Info: \pdf@primitive is available.
Package pdftexcmds Info: \pdf@ifprimitive is available.
Package pdftexcmds Info: \pdfdraftmode found.
)
(/usr/share/texlive/texmf-dist/tex/generic/kvsetkeys/kvsetkeys.sty
Package: kvsetkeys 2019/12/15 v1.18 Key value parser (HO)
)
(/usr/share/texlive/texmf-dist/tex/generic/kvdefinekeys/kvdefinekeys.sty
Package: kvdefinekeys 2019-12-19 v1.6 Define keys (HO)
)
(/usr/share/texlive/texmf-dist/tex/generic/pdfescape/pdfescape.sty
Package: pdfescape 2019/12/09 v1.15 Implements pdfTeX's escape features (HO)
)
(/usr/share/texlive/texmf-dist/tex/latex/hycolor/hycolor.sty
Package: hycolor 2020-01-27 v1.10 Color options for hyperref/bookmark (HO)
)
(/usr/share/texlive/texmf-dist/tex/latex/letltxmacro/letltxmacro.sty
Package: letltxmacro 2019/12/03 v1.6 Let assignment for LaTeX macros (HO)
)
(/usr/share/texlive/texmf-dist/tex/latex/auxhook/auxhook.sty
Package: auxhook 2019-12-17 v1.6 Hooks for auxiliary files (HO)
)
(/usr/share/texlive/texmf-dist/tex/latex/kvoptions/kvoptions.sty
Package: kvoptions 2019/11/29 v3.13 Key value format for package options (HO)
)
\@linkdim=\dimen152
\Hy@linkcounter=\count190
\Hy@pagecounter=\count191

(/usr/share/texlive/texmf-dist/tex/latex/hyperref/pd1enc.def
File: pd1enc.def 2020/01/14 v7.00d Hyperref: PDFDocEncoding definition (HO)
Now handling font encoding PD1 ...
... no UTF-8 mapping file for font encoding PD1
)
(/usr/share/texlive/texmf-dist/tex/generic/intcalc/intcalc.sty
Package: intcalc 2019/12/15 v1.3 Expandable calculations with integers (HO)
)
(/usr/share/texlive/texmf-dist/tex/generic/etexcmds/etexcmds.sty
Package: etexcmds 2019/12/15 v1.7 Avoid name clashes with e-TeX commands (HO)
)
\Hy@SavedSpaceFactor=\count192
\pdfmajorversion=\count193
Package hyperref Info: Hyper figures OFF on input line 4547.
Package hyperref Info: Link nesting OFF on input line 4552.
Package hyperref Info: Hyper index ON on input line 4555.
Package hyperref Info: Plain pages OFF on input line 4562.
Package hyperref Info: Backreferencing OFF on input line 4567.
Package hyperref Info: Implicit mode ON; LaTeX internals redefined.
Package hyperref Info: Bookmarks ON on input line 4800.
\c@Hy@tempcnt=\count194

(/usr/share/texlive/texmf-dist/tex/latex/url/url.sty
\Urlmuskip=\muskip17
Package: url 2013/09/16  ver 3.4  Verb mode for urls, etc.
)
LaTeX Info: Redefining \url on input line 5159.
\XeTeXLinkMargin=\dimen153

(/usr/share/texlive/texmf-dist/tex/generic/bitset/bitset.sty
Package: bitset 2019/12/09 v1.3 Handle bit-vector datatype (HO)

(/usr/share/texlive/texmf-dist/tex/generic/bigintcalc/bigintcalc.sty
Package: bigintcalc 2019/12/15 v1.5 Expandable calculations on big integers (HO
)
))
\Fld@menulength=\count195
\Field@Width=\dimen154
\Fld@charsize=\dimen155
Package hyperref Info: Hyper figures OFF on input line 6430.
Package hyperref Info: Link nesting OFF on input line 6435.
Package hyperref Info: Hyper index ON on input line 6438.
Package hyperref Info: backreferencing OFF on input line 6445.
Package hyperref Info: Link coloring OFF on input line 6450.
Package hyperref Info: Link coloring with OCG OFF on input line 6455.
Package hyperref Info: PDF/A mode OFF on input line 6460.
LaTeX Info: Redefining \ref on input line 6500.
LaTeX Info: Redefining \pageref on input line 6504.

(/usr/share/texlive/texmf-dist/tex/generic/atbegshi/atbegshi.sty
Package: atbegshi 2019/12/05 v1.19 At begin shipout hook (HO)
)
\Hy@abspage=\count196
\c@Item=\count197
\c@Hfootnote=\count198
)
Package hyperref Info: Driver (autodetected): hpdftex.

(/usr/share/texlive/texmf-dist/tex/latex/hyperref/hpdftex.def
File: hpdftex.def 2020/01/14 v7.00d Hyperref driver for pdfTeX

(/usr/share/texlive/texmf-dist/tex/latex/atveryend/atveryend.sty
Package: atveryend 2019-12-11 v1.11 Hooks at the very end of document (HO)
Package atveryend Info: \enddocument detected (standard20110627).
)
\Fld@listcount=\count199
\c@bookmark@seq@number=\count266

(/usr/share/texlive/texmf-dist/tex/latex/rerunfilecheck/rerunfilecheck.sty
Package: rerunfilecheck 2019/12/05 v1.9 Rerun checks for auxiliary files (HO)

(/usr/share/texlive/texmf-dist/tex/generic/uniquecounter/uniquecounter.sty
Package: uniquecounter 2019/12/15 v1.4 Provide unlimited unique counter (HO)
)
Package uniquecounter Info: New unique counter `rerunfilecheck' on input line 2
86.
)
\Hy@SectionHShift=\skip55
)
(/usr/share/texlive/texmf-dist/tex/latex/chngcntr/chngcntr.sty
Package: chngcntr 2018/04/09 v1.1a change counter resetting
Package chngcntr Info: \counterwithout already defined.
(chngcntr)             Quitting chngcntr on input line 21.
)
(/usr/share/texlive/texmf-dist/tex/latex/braket/braket.sty)
(/usr/share/texlive/texmf-dist/tex/latex/esint/esint.sty
Package: esint 
\symlargesymbolsA=\mathgroup6
)
(/usr/share/texlive/texmf-dist/tex/latex/graphics/graphicx.sty
Package: graphicx 2019/11/30 v1.2a Enhanced LaTeX Graphics (DPC,SPQR)

(/usr/share/texlive/texmf-dist/tex/latex/graphics/graphics.sty
Package: graphics 2019/11/30 v1.4a Standard LaTeX Graphics (DPC,SPQR)

(/usr/share/texlive/texmf-dist/tex/latex/graphics/trig.sty
Package: trig 2016/01/03 v1.10 sin cos tan (DPC)
)
(/usr/share/texlive/texmf-dist/tex/latex/graphics-cfg/graphics.cfg
File: graphics.cfg 2016/06/04 v1.11 sample graphics configuration
)
Package graphics Info: Driver file: pdftex.def on input line 105.

(/usr/share/texlive/texmf-dist/tex/latex/graphics-def/pdftex.def
File: pdftex.def 2018/01/08 v1.0l Graphics/color driver for pdftex
))
\Gin@req@height=\dimen156
\Gin@req@width=\dimen157
)
(/usr/share/texlive/texmf-dist/tex/latex/lipsum/lipsum.sty
(/usr/share/texlive/texmf-dist/tex/latex/l3kernel/expl3.sty
Package: expl3 2020-02-14 L3 programming layer (loader) 

(/usr/share/texlive/texmf-dist/tex/latex/l3backend/l3backend-pdfmode.def
File: l3backend-pdfmode.def 2020-02-03 L3 backend support: PDF mode
\l__kernel_color_stack_int=\count267
\l__pdf_internal_box=\box47
))
(/usr/share/texlive/texmf-dist/tex/latex/l3packages/xparse/xparse.sty
Package: xparse 2020-02-14 L3 Experimental document command parser
\l__xparse_current_arg_int=\count268
\g__xparse_grabber_int=\count269
\l__xparse_m_args_int=\count270
\l__xparse_v_nesting_int=\count271
)
Package: lipsum 2019/01/02 v2.2 150 paragraphs of Lorem Ipsum dummy text

(/usr/share/texlive/texmf-dist/tex/latex/lipsum/lipsum.ltd.tex
File: lipsum.ltd.tex 2019/01/02 v2.2 The Lorem ipsum dummy text
))
(/usr/share/texlive/texmf-dist/tex/latex/docmute/docmute.sty
Package: docmute 2012/03/22 v1.4 Input stand-alone documents
)
(/usr/share/texlive/texmf-dist/tex/latex/preprint/authblk.sty
Package: authblk 2001/02/27 1.3 (PWD)
\affilsep=\skip56
\@affilsep=\skip57
\c@Maxaffil=\count272
\c@authors=\count273
\c@affil=\count274
)

LaTeX Warning: Unused global option(s):
    [8pt,twocoloumn].

No file main.aux.
\openout1 = `main.aux'.

LaTeX Font Info:    Checking defaults for OML/cmm/m/it on input line 30.
LaTeX Font Info:    ... okay on input line 30.
LaTeX Font Info:    Checking defaults for OMS/cmsy/m/n on input line 30.
LaTeX Font Info:    ... okay on input line 30.
LaTeX Font Info:    Checking defaults for OT1/cmr/m/n on input line 30.
LaTeX Font Info:    ... okay on input line 30.
LaTeX Font Info:    Checking defaults for T1/cmr/m/n on input line 30.
LaTeX Font Info:    ... okay on input line 30.
LaTeX Font Info:    Checking defaults for TS1/cmr/m/n on input line 30.
LaTeX Font Info:    ... okay on input line 30.
LaTeX Font Info:    Checking defaults for OMX/cmex/m/n on input line 30.
LaTeX Font Info:    ... okay on input line 30.
LaTeX Font Info:    Checking defaults for U/cmr/m/n on input line 30.
LaTeX Font Info:    ... okay on input line 30.
LaTeX Font Info:    Checking defaults for PD1/pdf/m/n on input line 30.
LaTeX Font Info:    ... okay on input line 30.
*geometry* driver: auto-detecting
*geometry* detected driver: pdftex
*geometry* verbose mode - [ preamble ] result:
* driver: pdftex
* paper: <default>
* layout: <same size as paper>
* layoutoffset:(h,v)=(0.0pt,0.0pt)
* modes: 
* h-part:(L,W,R)=(71.13188pt, 472.03123pt, 71.13188pt)
* v-part:(T,H,B)=(71.13188pt, 681.15898pt, 42.67912pt)
* \paperwidth=614.295pt
* \paperheight=794.96999pt
* \textwidth=472.03123pt
* \textheight=681.15898pt
* \oddsidemargin=-1.1381pt
* \evensidemargin=-1.1381pt
* \topmargin=-38.1381pt
* \headheight=12.0pt
* \headsep=25.0pt
* \topskip=10.0pt
* \footskip=30.0pt
* \marginparwidth=65.0pt
* \marginparsep=11.0pt
* \columnsep=10.0pt
* \skip\footins=9.0pt plus 4.0pt minus 2.0pt
* \hoffset=0.0pt
* \voffset=0.0pt
* \mag=1000
* \@twocolumnfalse
* \@twosidefalse
* \@mparswitchfalse
* \@reversemarginfalse
* (1in=72.27pt=25.4mm, 1cm=28.453pt)

\AtBeginShipoutBox=\box48
Package hyperref Info: Link coloring OFF on input line 30.
(/usr/share/texlive/texmf-dist/tex/latex/hyperref/nameref.sty
Package: nameref 2019/09/16 v2.46 Cross-referencing by name of section

(/usr/share/texlive/texmf-dist/tex/latex/refcount/refcount.sty
Package: refcount 2019/12/15 v3.6 Data extraction from label references (HO)
)
(/usr/share/texlive/texmf-dist/tex/generic/gettitlestring/gettitlestring.sty
Package: gettitlestring 2019/12/15 v1.6 Cleanup title references (HO)
)
\c@section@level=\count275
)
LaTeX Info: Redefining \ref on input line 30.
LaTeX Info: Redefining \pageref on input line 30.
LaTeX Info: Redefining \nameref on input line 30.
\@outlinefile=\write3
\openout3 = `main.out'.


(/usr/share/texlive/texmf-dist/tex/context/base/mkii/supp-pdf.mkii
[Loading MPS to PDF converter (version 2006.09.02).]
\scratchcounter=\count276
\scratchdimen=\dimen158
\scratchbox=\box49
\nofMPsegments=\count277
\nofMParguments=\count278
\everyMPshowfont=\toks27
\MPscratchCnt=\count279
\MPscratchDim=\dimen159
\MPnumerator=\count280
\makeMPintoPDFobject=\count281
\everyMPtoPDFconversion=\toks28
) (/usr/share/texlive/texmf-dist/tex/latex/epstopdf-pkg/epstopdf-base.sty
Package: epstopdf-base 2020-01-24 v2.11 Base part for package epstopdf
Package epstopdf-base Info: Redefining graphics rule for `.eps' on input line 4
85.

(/usr/share/texlive/texmf-dist/tex/latex/latexconfig/epstopdf-sys.cfg
File: epstopdf-sys.cfg 2010/07/13 v1.3 Configuration of (r)epstopdf for TeX Liv
e
))
\docmute@nestinglevel=\count282
LaTeX Font Info:    Trying to load font information for U+msa on input line 40.


(/usr/share/texlive/texmf-dist/tex/latex/amsfonts/umsa.fd
File: umsa.fd 2013/01/14 v3.01 AMS symbols A
)
LaTeX Font Info:    Trying to load font information for U+msb on input line 40.


(/usr/share/texlive/texmf-dist/tex/latex/amsfonts/umsb.fd
File: umsb.fd 2013/01/14 v3.01 AMS symbols B
)
LaTeX Font Info:    Trying to load font information for U+esint on input line 4
0.

(/usr/share/texlive/texmf-dist/tex/latex/esint/uesint.fd
File: uesint.fd 
)

LaTeX Warning: Citation `schuller' on page 1 undefined on input line 60.

[1

{/var/lib/texmf/fonts/map/pdftex/updmap/pdftex.map}]
Overfull \hbox (13.50227pt too wide) detected at line 133
[]
 []

[2]

LaTeX Warning: Reference `interference' on page 3 undefined on input line 188.

[3]

LaTeX Warning: Reference `electromagneticschrodingereequatinon' on page 4 undef
ined on input line 190.

[4]

LaTeX Warning: Reference `eigenstate' on page 5 undefined on input line 281.

[5]

LaTeX Warning: Citation `adiabaticberry' on page 6 undefined on input line 288.



LaTeX Warning: Reference `we' on page 6 undefined on input line 301.


LaTeX Warning: Reference `we' on page 6 undefined on input line 310.


LaTeX Warning: Reference `eigenstate' on page 6 undefined on input line 310.


LaTeX Warning: Citation `berrypaper' on page 6 undefined on input line 322.


LaTeX Warning: Reference `eigenstate' on page 6 undefined on input line 322.


Package amsmath Warning: Foreign command \over;
(amsmath)                \frac or \genfrac should be used instead
(amsmath)                 on input line 337.

[6]

LaTeX Warning: Reference `ffs' on page 7 undefined on input line 339.


LaTeX Warning: Citation `berrypaper' on page 7 undefined on input line 377.

[7]

LaTeX Warning: Reference `gau' on page 8 undefined on input line 424.


LaTeX Warning: Reference `berryconnection' on page 8 undefined on input line 42
6.


LaTeX Warning: Reference `gau' on page 8 undefined on input line 426.


LaTeX Warning: Reference `oneform' on page 8 undefined on input line 443.

[8]

LaTeX Warning: Reference `state' on page 9 undefined on input line 460.


LaTeX Warning: Reference `gau' on page 9 undefined on input line 460.


LaTeX Warning: Reference `gaugecheck' on page 9 undefined on input line 461.

[9]
<vectorAB.png, id=129, 539.01375pt x 210.7875pt>
File: vectorAB.png Graphic file (type png)
<use vectorAB.png>
Package pdftex.def Info: vectorAB.png  used on input line 531.
(pdftex.def)             Requested size: 215.60167pt x 84.3135pt.
<berryAB.png, id=131, 203.76125pt x 298.11375pt>
File: berryAB.png Graphic file (type png)
<use berryAB.png>
Package pdftex.def Info: berryAB.png  used on input line 533.
(pdftex.def)             Requested size: 101.88037pt x 149.0565pt.
 [10 <./vectorAB.png> <./berryAB.png>]
Overfull \hbox (14.75853pt too wide) in paragraph at lines 564--565
[]\OT1/cmr/m/n/10 Correpondingly con-sid-er-ing a uni-tary op-er-a-tor $\OML/cm
m/m/it/10 U [] exp\OT1/cmr/m/n/10 (\OML/cmm/m/it/10 if\OT1/cmr/m/n/10 ([]))$ th
e uni-tary trans-for-ma-tion of the Schrodinger
 []

[11]
Overfull \hbox (16.66599pt too wide) in paragraph at lines 640--641
[]\OT1/cmr/m/n/10 If the space of our con-sid-er-a-tion, namely pa-ram-e-ter sp
ace of our sys-tem, is triv-ial i.e. $\U/msb/m/n/10 R[]$ \OT1/cmr/m/n/10 then $
\OML/cmm/m/it/10 Poincare lemma$
 []

<top.jpg, id=151, 484.81125pt x 359.3425pt>
File: top.jpg Graphic file (type jpg)
<use top.jpg>
Package pdftex.def Info: top.jpg  used on input line 644.
(pdftex.def)             Requested size: 121.20251pt x 89.8354pt.
<winding.png, id=152, 308.15125pt x 298.11375pt>
File: winding.png Graphic file (type png)
<use winding.png>
Package pdftex.def Info: winding.png  used on input line 646.
(pdftex.def)             Requested size: 123.2583pt x 119.24338pt.

LaTeX Warning: Citation `geop' on page 12 undefined on input line 652.


LaTeX Warning: Reference `fda' on page 12 undefined on input line 660.

[12 <./top.jpg> <./winding.png>]

LaTeX Warning: Citation `pathAharonov' on page 13 undefined on input line 671.


LaTeX Warning: Citation `ab' on page 13 undefined on input line 682.


LaTeX Warning: Reference `dafg' on page 13 undefined on input line 683.


LaTeX Warning: Reference `hiii' on page 13 undefined on input line 689.


LaTeX Warning: Reference `huhuhuhu' on page 13 undefined on input line 703.


LaTeX Warning: Reference `huha' on page 13 undefined on input line 709.

[13]

LaTeX Warning: Citation `ab' on page 14 undefined on input line 715.


LaTeX Warning: Reference `gaugecheck' on page 14 undefined on input line 719.


LaTeX Warning: Reference `abphase' on page 14 undefined on input line 719.


LaTeX Warning: Reference `hehye' on page 14 undefined on input line 721.


LaTeX Warning: Citation `goodone' on page 14 undefined on input line 734.

[14]
<justbundle.png, id=189, 387.4475pt x 348.30125pt>
File: justbundle.png Graphic file (type png)
<use justbundle.png>
Package pdftex.def Info: justbundle.png  used on input line 760.
(pdftex.def)             Requested size: 154.97624pt x 139.31802pt.
<sectionmap.png, id=190, 322.20375pt x 270.00874pt>
File: sectionmap.png Graphic file (type png)
<use sectionmap.png>
Package pdftex.def Info: sectionmap.png  used on input line 762.
(pdftex.def)             Requested size: 128.87921pt x 108.00157pt.
 [15 <./justbundle.png> <./sectionmap.png>]

LaTeX Warning: Reference `localtriv' on page 16 undefined on input line 809.

[16]

LaTeX Warning: Reference `transiboii' on page 17 undefined on input line 825.

[17]

LaTeX Warning: Reference `section' on page 18 undefined on input line 877.


LaTeX Warning: Reference `localtriv' on page 18 undefined on input line 882.


LaTeX Warning: Reference `transiboii' on page 18 undefined on input line 887.


LaTeX Warning: Citation `geomanatomy' on page 18 undefined on input line 890.


LaTeX Warning: Citation `doeslie' on page 18 undefined on input line 890.

[18] [19]

LaTeX Warning: Reference `fafdfsd' on page 20 undefined on input line 954.


LaTeX Warning: Reference `fafdfsd' on page 20 undefined on input line 961.

LaTeX Font Info:    Trying to load font information for U+euf on input line 971
.
(/usr/share/texlive/texmf-dist/tex/latex/amsfonts/ueuf.fd
File: ueuf.fd 2013/01/14 v3.01 Euler Fraktur
)

LaTeX Warning: Reference `boom' on page 20 undefined on input line 984.


LaTeX Warning: Reference `boom' on page 20 undefined on input line 984.


LaTeX Warning: Reference `boom' on page 20 undefined on input line 986.


LaTeX Warning: Reference `dagdsbdz' on page 20 undefined on input line 986.

[20]

LaTeX Warning: Citation `geomanatomy' on page 21 undefined on input line 992.


LaTeX Warning: Citation `doeslie' on page 21 undefined on input line 992.


LaTeX Warning: Reference `dagdsbdz' on page 21 undefined on input line 1024.


LaTeX Warning: Reference `geomanatomy' on page 21 undefined on input line 1031.


[21] [22]

LaTeX Warning: Reference `lieidentan' on page 23 undefined on input line 1089.


LaTeX Warning: Reference `osfdspg' on page 23 undefined on input line 1119.

[23]

LaTeX Warning: Reference `localtriv' on page 24 undefined on input line 1121.

[24]
<diagram1.png, id=350, 631.35875pt x 472.76625pt>
File: diagram1.png Graphic file (type png)
<use diagram1.png>
Package pdftex.def Info: diagram1.png  used on input line 1182.
(pdftex.def)             Requested size: 189.40909pt x 141.83096pt.
<connectiononeform.png, id=351, 471.7625pt x 261.97874pt>
File: connectiononeform.png Graphic file (type png)
<use connectiononeform.png>
Package pdftex.def Info: connectiononeform.png  used on input line 1197.
(pdftex.def)             Requested size: 141.52983pt x 78.59422pt.


LaTeX Warning: `!h' float specifier changed to `!ht'.

[25 <./diagram1.png>]

LaTeX Warning: Reference `exponentialmap' on page 26 undefined on input line 12
11.

[26 <./connectiononeform.png>]

LaTeX Warning: Reference `exponentialmap' on page 27 undefined on input line 12
36.


LaTeX Warning: Reference `dsfjsjddfkdg' on page 27 undefined on input line 1250
.

[27]

LaTeX Warning: Reference `adjointmap' on page 28 undefined on input line 1311.


LaTeX Warning: Reference `localconnectiononeform' on page 28 undefined on input
 line 1324.

[28]

LaTeX Warning: Reference `nchzixcdfhid' on page 29 undefined on input line 1363
.


LaTeX Warning: Reference `veryimafs' on page 29 undefined on input line 1372.

<connection.jpg, id=423, 1208.515pt x 1288.815pt>
File: connection.jpg Graphic file (type jpg)
<use connection.jpg>
Package pdftex.def Info: connection.jpg  used on input line 1381.
(pdftex.def)             Requested size: 120.85858pt x 128.88905pt.

LaTeX Warning: `!h' float specifier changed to `!ht'.

[29]
Overfull \hbox (4.33708pt too wide) in paragraph at lines 1399--1401
\OT1/cmr/m/n/10 Is called the Hor-i-zon-tal Lift of $\OML/cmm/m/it/10 ^^M$ \OT1
/cmr/m/n/10 through $\OML/cmm/m/it/10 p \OMS/cmsy/m/n/10 2 \OML/cmm/m/it/10 ^^Y
[]\OT1/cmr/m/n/10 (\OMS/cmsy/m/n/10 f\OML/cmm/m/it/10 a\OMS/cmsy/m/n/10 g\OT1/c
mr/m/n/10 )$. But how can one $\OML/cmm/m/it/10 explicitly evaluate the horizon
tal lift$
 []

<horizontallift.jpg, id=444, 1243.64626pt x 711.65875pt>
File: horizontallift.jpg Graphic file (type jpg)
<use horizontallift.jpg>
Package pdftex.def Info: horizontallift.jpg  used on input line 1410.
(pdftex.def)             Requested size: 186.53888pt x 106.7442pt.
<holonomy.jpg, id=445, 1212.53pt x 1575.8875pt>
File: holonomy.jpg Graphic file (type jpg)
<use holonomy.jpg>
Package pdftex.def Info: holonomy.jpg  used on input line 1412.
(pdftex.def)             Requested size: 121.2601pt x 157.59798pt.

LaTeX Warning: `!h' float specifier changed to `!ht'.


LaTeX Warning: Reference `localyangmillsfield' on page 30 undefined on input li
ne 1420.


LaTeX Warning: Reference `jsafidsf' on page 30 undefined on input line 1420.

[30 <./connection.jpg>]

LaTeX Warning: Reference `coordinatedecomposition' on page 31 undefined on inpu
t line 1428.


LaTeX Warning: Reference `localconnectiononeform' on page 31 undefined on input
 line 1442.


LaTeX Warning: Reference `coordinatedecomposition' on page 31 undefined on inpu
t line 1442.

[31 <./horizontallift.jpg> <./holonomy.jpg>]

LaTeX Warning: Reference `pathorderedintegral' on page 32 undefined on input li
ne 1462.


LaTeX Warning: Reference `arbitrarycurvetransport' on page 32 undefined on inpu
t line 1474.


LaTeX Warning: Reference `hdhfjfdihfhdf' on page 32 undefined on input line 147
4.

[32]

LaTeX Warning: Reference `horihorihorizontalliftkori' on page 33 undefined on i
nput line 1513.


LaTeX Warning: Reference `exponentialmap' on page 33 undefined on input line 15
19.


LaTeX Warning: Citation `simon' on page 33 undefined on input line 1531.


LaTeX Warning: Citation `aharanovanandan' on page 33 undefined on input line 15
31.

[33]

LaTeX Warning: Reference `principalfibrebundledefinition' on page 34 undefined 
on input line 1550.


LaTeX Warning: Reference `principalfibrebundledefinition' on page 34 undefined 
on input line 1558.


LaTeX Warning: Reference `axiom1' on page 34 undefined on input line 1571.


LaTeX Warning: Reference `arbitrarycurvetransport' on page 34 undefined on inpu
t line 1584.


LaTeX Warning: Reference `arbitrarycurvetransport' on page 34 undefined on inpu
t line 1584.


LaTeX Warning: Reference `newhorihori' on page 34 undefined on input line 1589.



LaTeX Warning: Citation `aharanovanandan' on page 34 undefined on input line 15
89.

[34]

LaTeX Warning: Reference `pihere' on page 35 undefined on input line 1605.


LaTeX Warning: Reference `bahbahbahbah' on page 35 undefined on input line 1605
.


LaTeX Warning: Reference `gaugeinvariance11' on page 35 undefined on input line
 1613.


LaTeX Warning: Reference `covariantderivative' on page 35 undefined on input li
ne 1615.

[35]

LaTeX Warning: Reference `connectinemememe' on page 36 undefined on input line 
1641.


LaTeX Warning: Reference `covariantderivative' on page 36 undefined on input li
ne 1641.


LaTeX Warning: Reference `bahbahbahbah' on page 36 undefined on input line 1641
.


LaTeX Warning: Reference `abphase' on page 36 undefined on input line 1648.

[36]
\openout2 = `allbibs.aux'.

 (./allbibs.tex

Package hyperref Warning: Suppressing link with empty target on input line 37.


Package hyperref Warning: Suppressing link with empty target on input line 40.


Package hyperref Warning: Suppressing link with empty target on input line 43.


Package hyperref Warning: Suppressing link with empty target on input line 48.


Package hyperref Warning: Suppressing link with empty target on input line 56.

) [37

]
Package atveryend Info: Empty hook `BeforeClearDocument' on input line 1661.
Package atveryend Info: Empty hook `AfterLastShipout' on input line 1661.
 (./main.aux (./allbibs.aux))
Package atveryend Info: Executing hook `AtVeryEndDocument' on input line 1661.
Package atveryend Info: Executing hook `AtEndAfterFileList' on input line 1661.



Package rerunfilecheck Warning: File `main.out' has changed.
(rerunfilecheck)                Rerun to get outlines right
(rerunfilecheck)                or use package `bookmark'.

Package rerunfilecheck Info: Checksums for `main.out':
(rerunfilecheck)             Before: <no file>
(rerunfilecheck)             After:  CF90BEDE5A0165B39F770B678CF3A4AB;1102.

LaTeX Warning: There were undefined references.


LaTeX Warning: Label(s) may have changed. Rerun to get cross-references right.

Package atveryend Info: Empty hook `AtVeryVeryEnd' on input line 1661.
 ) 
Here is how much of TeX's memory you used:
 8091 strings out of 483140
 125007 string characters out of 5965152
 558924 words of memory out of 5000000
 22599 multiletter control sequences out of 15000+600000
 548899 words of font info for 90 fonts, out of 8000000 for 9000
 36 hyphenation exceptions out of 8191
 35i,19n,33p,1341b,366s stack positions out of 5000i,500n,10000p,200000b,80000s
 </home/p/.texlive2019/texmf-var/fonts/pk/ljfour/jknappen/ec/tcrm1000.600pk><
/usr/share/texlive/texmf-dist/fonts/type1/public/amsfonts/cm/cmbx10.pfb></usr/s
hare/texlive/texmf-dist/fonts/type1/public/amsfonts/cm/cmbx12.pfb></usr/share/t
exlive/texmf-dist/fonts/type1/public/amsfonts/cm/cmbx7.pfb></usr/share/texlive/
texmf-dist/fonts/type1/public/amsfonts/cm/cmbx8.pfb></usr/share/texlive/texmf-d
ist/fonts/type1/public/amsfonts/cm/cmbx9.pfb></usr/share/texlive/texmf-dist/fon
ts/type1/public/amsfonts/cm/cmbxti10.pfb></usr/share/texlive/texmf-dist/fonts/t
ype1/public/amsfonts/cm/cmex10.pfb></usr/share/texlive/texmf-dist/fonts/type1/p
ublic/amsfonts/cm/cmmi10.pfb></usr/share/texlive/texmf-dist/fonts/type1/public/
amsfonts/cm/cmmi5.pfb></usr/share/texlive/texmf-dist/fonts/type1/public/amsfont
s/cm/cmmi6.pfb></usr/share/texlive/texmf-dist/fonts/type1/public/amsfonts/cm/cm
mi7.pfb></usr/share/texlive/texmf-dist/fonts/type1/public/amsfonts/cm/cmmi8.pfb
></usr/share/texlive/texmf-dist/fonts/type1/public/amsfonts/cm/cmmi9.pfb></usr/
share/texlive/texmf-dist/fonts/type1/public/amsfonts/cm/cmr10.pfb></usr/share/t
exlive/texmf-dist/fonts/type1/public/amsfonts/cm/cmr12.pfb></usr/share/texlive/
texmf-dist/fonts/type1/public/amsfonts/cm/cmr5.pfb></usr/share/texlive/texmf-di
st/fonts/type1/public/amsfonts/cm/cmr6.pfb></usr/share/texlive/texmf-dist/fonts
/type1/public/amsfonts/cm/cmr7.pfb></usr/share/texlive/texmf-dist/fonts/type1/p
ublic/amsfonts/cm/cmr8.pfb></usr/share/texlive/texmf-dist/fonts/type1/public/am
sfonts/cm/cmr9.pfb></usr/share/texlive/texmf-dist/fonts/type1/public/amsfonts/c
m/cmss10.pfb></usr/share/texlive/texmf-dist/fonts/type1/public/amsfonts/cm/cmsy
10.pfb></usr/share/texlive/texmf-dist/fonts/type1/public/amsfonts/cm/cmsy5.pfb>
</usr/share/texlive/texmf-dist/fonts/type1/public/amsfonts/cm/cmsy6.pfb></usr/s
hare/texlive/texmf-dist/fonts/type1/public/amsfonts/cm/cmsy7.pfb></usr/share/te
xlive/texmf-dist/fonts/type1/public/amsfonts/cm/cmsy8.pfb></usr/share/texlive/t
exmf-dist/fonts/type1/public/amsfonts/cm/cmti10.pfb></usr/share/texlive/texmf-d
ist/fonts/type1/public/esint-type1/esint10.pfb></usr/share/texlive/texmf-dist/f
onts/type1/public/amsfonts/euler/eufm10.pfb></usr/share/texlive/texmf-dist/font
s/type1/public/amsfonts/symbols/msam10.pfb></usr/share/texlive/texmf-dist/fonts
/type1/public/amsfonts/symbols/msam7.pfb></usr/share/texlive/texmf-dist/fonts/t
ype1/public/amsfonts/symbols/msbm10.pfb></usr/share/texlive/texmf-dist/fonts/ty
pe1/public/amsfonts/symbols/msbm5.pfb></usr/share/texlive/texmf-dist/fonts/type
1/public/amsfonts/symbols/msbm7.pfb>
Output written on main.pdf (37 pages, 1011133 bytes).
PDF statistics:
 757 PDF objects out of 1000 (max. 8388607)
 658 compressed objects within 7 object streams
 331 named destinations out of 1000 (max. 500000)
 56 words of extra memory for PDF output out of 10000 (max. 10000000)

